2026-06-09T11:14:34.779-03:00  INFO 9394 --- [main] com.example.demo.DemoApplication         : Starting DemoApplication using Java 21.0.11 with PID 9394 (/home/alunos/IdeaProjects/escola-2026/target/classes started by alunos in /home/alunos/IdeaProjects/escola-2026)
2026-06-09T11:14:34.781-03:00  INFO 9394 --- [main] com.example.demo.DemoApplication         : The following 1 profile is active: "dev"
2026-06-09T11:14:35.653-03:00  INFO 9394 --- [main] o.apache.catalina.core.StandardService   : Starting service [Tomcat]
2026-06-09T11:14:35.654-03:00  INFO 9394 --- [main] o.apache.catalina.core.StandardEngine    : Starting Servlet engine: [Apache Tomcat/10.1.55]
2026-06-09T11:14:35.684-03:00  INFO 9394 --- [main] o.a.c.c.C.[Tomcat].[localhost].[/]       : Initializing Spring embedded WebApplicationContext
2026-06-09T11:14:35.897-03:00  INFO 9394 --- [main] com.zaxxer.hikari.HikariDataSource       : HikariPool-1 - Starting...
2026-06-09T11:14:36.151-03:00  INFO 9394 --- [main] com.zaxxer.hikari.pool.HikariPool        : HikariPool-1 - Added connection com.mysql.cj.jdbc.ConnectionImpl@39e53bef
2026-06-09T11:14:36.152-03:00  INFO 9394 --- [main] com.zaxxer.hikari.HikariDataSource       : HikariPool-1 - Start completed.
2026-06-09T11:14:36.201-03:00  INFO 9394 --- [main] org.flywaydb.core.FlywayExecutor         : Database: jdbc:mysql://localhost:3306/products?createDatabaseIfNotExist=true&allowPublicKeyRetrieval=true&useSSL=false&serverTimezone=UTC (MySQL 8.0)
2026-06-09T11:14:36.347-03:00  INFO 9394 --- [main] o.f.core.internal.command.DbValidate     : Successfully validated 4 migrations (execution time 00:00.039s)
2026-06-09T11:14:36.359-03:00  INFO 9394 --- [main] o.f.core.internal.command.DbMigrate      : Current version of schema `products`: 3
2026-06-09T11:14:36.359-03:00  WARN 9394 --- [main] o.f.core.internal.command.DbMigrate      : outOfOrder mode is active. Migration of schema `products` may not be reproducible.
2026-06-09T11:14:36.360-03:00  WARN 9394 --- [main] o.f.core.internal.command.DbMigrate      : Schema `products` has a version (3) that is newer than the latest available migration (01) !
2026-06-09T11:14:36.364-03:00  INFO 9394 --- [main] o.f.core.internal.command.DbMigrate      : Migrating schema `products` to version "01 - criando tabelas de perfil user" [out of order]
2026-06-09T11:14:36.366-03:00  INFO 9394 --- [main] o.f.c.i.r.s.ScriptMigrationExecutor      : Executing /home/alunos/IdeaProjects/escola-2026/target/classes/db/migration/V01__criando_tabelas_de_perfil_user
2026-06-09T11:14:36.382-03:00  INFO 9394 --- [main] o.f.c.i.r.s.ScriptMigrationExecutor      : /home/alunos/IdeaProjects/escola-2026/target/classes/db/migration/V01__criando_tabelas_de_perfil_user: 1: Syntax error: "(" unexpected

2026-06-09T11:14:36.397-03:00 ERROR 9394 --- [main] o.f.core.internal.command.DbMigrate      : Migration of schema `products` to version "01 - criando tabelas de perfil user" [out of order] failed! Please restore backups and roll back database and code!
2026-06-09T11:14:36.511-03:00  WARN 9394 --- [main] ConfigServletWebServerApplicationContext : Exception encountered during context initialization - cancelling refresh attempt: org.springframework.beans.factory.BeanCreationException: Error creating bean with name 'entityManagerFactory' defined in class path resource [org/springframework/boot/autoconfigure/orm/jpa/HibernateJpaConfiguration.class]: Failed to initialize dependency 'flywayInitializer' of LoadTimeWeaverAware bean 'entityManagerFactory': Error creating bean with name 'flywayInitializer' defined in class path resource [org/springframework/boot/autoconfigure/flyway/FlywayAutoConfiguration$FlywayConfiguration.class]: Migration failed !
2026-06-09T11:14:36.511-03:00  INFO 9394 --- [main] com.zaxxer.hikari.HikariDataSource       : HikariPool-1 - Shutdown initiated...
2026-06-09T11:14:36.518-03:00  INFO 9394 --- [main] com.zaxxer.hikari.HikariDataSource       : HikariPool-1 - Shutdown completed.
2026-06-09T11:14:36.520-03:00  INFO 9394 --- [main] o.apache.catalina.core.StandardService   : Stopping service [Tomcat]
2026-06-09T11:14:36.538-03:00 ERROR 9394 --- [main] o.s.boot.SpringApplication               : Application run failed

org.springframework.beans.factory.BeanCreationException: Error creating bean with name 'entityManagerFactory' defined in class path resource [org/springframework/boot/autoconfigure/orm/jpa/HibernateJpaConfiguration.class]: Failed to initialize dependency 'flywayInitializer' of LoadTimeWeaverAware bean 'entityManagerFactory': Error creating bean with name 'flywayInitializer' defined in class path resource [org/springframework/boot/autoconfigure/flyway/FlywayAutoConfiguration$FlywayConfiguration.class]: Migration failed !
	at org.springframework.beans.factory.support.AbstractBeanFactory.doGetBean(AbstractBeanFactory.java:328) ~[spring-beans-6.2.19-20260608.163209-32.jar:6.2.19-SNAPSHOT]
	at org.springframework.beans.factory.support.AbstractBeanFactory.getBean(AbstractBeanFactory.java:207) ~[spring-beans-6.2.19-20260608.163209-32.jar:6.2.19-SNAPSHOT]
	at org.springframework.context.support.AbstractApplicationContext.finishBeanFactoryInitialization(AbstractApplicationContext.java:974) ~[spring-context-6.2.19-20260608.163209-32.jar:6.2.19-SNAPSHOT]
	at org.springframework.context.support.AbstractApplicationContext.refresh(AbstractApplicationContext.java:628) ~[spring-context-6.2.19-20260608.163209-32.jar:6.2.19-SNAPSHOT]
	at org.springframework.boot.web.servlet.context.ServletWebServerApplicationContext.refresh(ServletWebServerApplicationContext.java:146) ~[spring-boot-3.5.15-20260609.080258-47.jar:3.5.15-SNAPSHOT]
	at org.springframework.boot.SpringApplication.refresh(SpringApplication.java:752) ~[spring-boot-3.5.15-20260609.080258-47.jar:3.5.15-SNAPSHOT]
	at org.springframework.boot.SpringApplication.refreshContext(SpringApplication.java:439) ~[spring-boot-3.5.15-20260609.080258-47.jar:3.5.15-SNAPSHOT]
	at org.springframework.boot.SpringApplication.run(SpringApplication.java:318) ~[spring-boot-3.5.15-20260609.080258-47.jar:3.5.15-SNAPSHOT]
	at org.springframework.boot.SpringApplication.run(SpringApplication.java:1361) ~[spring-boot-3.5.15-20260609.080258-47.jar:3.5.15-SNAPSHOT]
	at org.springframework.boot.SpringApplication.run(SpringApplication.java:1350) ~[spring-boot-3.5.15-20260609.080258-47.jar:3.5.15-SNAPSHOT]
	at com.example.demo.DemoApplication.main(DemoApplication.java:10) ~[classes/:na]
Caused by: org.springframework.beans.factory.BeanCreationException: Error creating bean with name 'flywayInitializer' defined in class path resource [org/springframework/boot/autoconfigure/flyway/FlywayAutoConfiguration$FlywayConfiguration.class]: Migration failed !
	at org.springframework.beans.factory.support.AbstractAutowireCapableBeanFactory.initializeBean(AbstractAutowireCapableBeanFactory.java:1824) ~[spring-beans-6.2.19-20260608.163209-32.jar:6.2.19-SNAPSHOT]
	at org.springframework.beans.factory.support.AbstractAutowireCapableBeanFactory.doCreateBean(AbstractAutowireCapableBeanFactory.java:607) ~[spring-beans-6.2.19-20260608.163209-32.jar:6.2.19-SNAPSHOT]
	at org.springframework.beans.factory.support.AbstractAutowireCapableBeanFactory.createBean(AbstractAutowireCapableBeanFactory.java:529) ~[spring-beans-6.2.19-20260608.163209-32.jar:6.2.19-SNAPSHOT]
	at org.springframework.beans.factory.support.AbstractBeanFactory.lambda$doGetBean$0(AbstractBeanFactory.java:339) ~[spring-beans-6.2.19-20260608.163209-32.jar:6.2.19-SNAPSHOT]
	at org.springframework.beans.factory.support.DefaultSingletonBeanRegistry.getSingleton(DefaultSingletonBeanRegistry.java:373) ~[spring-beans-6.2.19-20260608.163209-32.jar:6.2.19-SNAPSHOT]
	at org.springframework.beans.factory.support.AbstractBeanFactory.doGetBean(AbstractBeanFactory.java:337) ~[spring-beans-6.2.19-20260608.163209-32.jar:6.2.19-SNAPSHOT]
	at org.springframework.beans.factory.support.AbstractBeanFactory.getBean(AbstractBeanFactory.java:202) ~[spring-beans-6.2.19-20260608.163209-32.jar:6.2.19-SNAPSHOT]
	at org.springframework.beans.factory.support.AbstractBeanFactory.doGetBean(AbstractBeanFactory.java:315) ~[spring-beans-6.2.19-20260608.163209-32.jar:6.2.19-SNAPSHOT]
	... 10 common frames omitted
Caused by: org.flywaydb.core.internal.exception.FlywayMigrateException: Migration failed !
	at org.flywaydb.core.internal.command.DbMigrate.doMigrateGroup(DbMigrate.java:399) ~[flyway-core-11.7.2.jar:na]
	at org.flywaydb.core.internal.command.DbMigrate.lambda$applyMigrations$1(DbMigrate.java:283) ~[flyway-core-11.7.2.jar:na]
	at org.flywaydb.core.internal.jdbc.TransactionalExecutionTemplate.execute(TransactionalExecutionTemplate.java:59) ~[flyway-core-11.7.2.jar:na]
	at org.flywaydb.core.internal.command.DbMigrate.applyMigrations(DbMigrate.java:282) ~[flyway-core-11.7.2.jar:na]
	at org.flywaydb.core.internal.command.DbMigrate.migrateGroup(DbMigrate.java:255) ~[flyway-core-11.7.2.jar:na]
	at org.flywaydb.core.internal.command.DbMigrate.lambda$migrateAll$0(DbMigrate.java:153) ~[flyway-core-11.7.2.jar:na]
	at org.flywaydb.database.mysql.MySQLNamedLockTemplate.execute(MySQLNamedLockTemplate.java:62) ~[flyway-mysql-11.7.2.jar:na]
	at org.flywaydb.database.mysql.MySQLConnection.lock(MySQLConnection.java:159) ~[flyway-mysql-11.7.2.jar:na]
	at org.flywaydb.core.internal.schemahistory.JdbcTableSchemaHistory.lock(JdbcTableSchemaHistory.java:164) ~[flyway-core-11.7.2.jar:na]
	at org.flywaydb.core.internal.command.DbMigrate.migrateAll(DbMigrate.java:153) ~[flyway-core-11.7.2.jar:na]
	at org.flywaydb.core.internal.command.DbMigrate.migrate(DbMigrate.java:104) ~[flyway-core-11.7.2.jar:na]
	at org.flywaydb.core.Flyway.lambda$migrate$1(Flyway.java:247) ~[flyway-core-11.7.2.jar:na]
	at org.flywaydb.core.FlywayExecutor.execute(FlywayExecutor.java:210) ~[flyway-core-11.7.2.jar:na]
	at org.flywaydb.core.Flyway.migrate(Flyway.java:188) ~[flyway-core-11.7.2.jar:na]
	at org.springframework.boot.autoconfigure.flyway.FlywayMigrationInitializer.afterPropertiesSet(FlywayMigrationInitializer.java:66) ~[spring-boot-autoconfigure-3.5.15-20260609.080258-47.jar:3.5.15-SNAPSHOT]
	at org.springframework.beans.factory.support.AbstractAutowireCapableBeanFactory.invokeInitMethods(AbstractAutowireCapableBeanFactory.java:1871) ~[spring-beans-6.2.19-20260608.163209-32.jar:6.2.19-SNAPSHOT]
	at org.springframework.beans.factory.support.AbstractAutowireCapableBeanFactory.initializeBean(AbstractAutowireCapableBeanFactory.java:1820) ~[spring-beans-6.2.19-20260608.163209-32.jar:6.2.19-SNAPSHOT]
	... 17 common frames omitted
Caused by: org.flywaydb.core.api.FlywayException: Migration failed !
	at org.flywaydb.core.internal.resolver.script.ScriptMigrationExecutor.executeOnce(ScriptMigrationExecutor.java:79) ~[flyway-core-11.7.2.jar:na]
	at org.flywaydb.core.internal.resolver.script.ScriptMigrationExecutor.lambda$execute$0(ScriptMigrationExecutor.java:67) ~[flyway-core-11.7.2.jar:na]
	at org.flywaydb.core.internal.database.DefaultExecutionStrategy.execute(DefaultExecutionStrategy.java:31) ~[flyway-core-11.7.2.jar:na]
	at org.flywaydb.core.internal.resolver.script.ScriptMigrationExecutor.execute(ScriptMigrationExecutor.java:66) ~[flyway-core-11.7.2.jar:na]
	at org.flywaydb.core.internal.command.DbMigrate.doMigrateGroup(DbMigrate.java:391) ~[flyway-core-11.7.2.jar:na]
	... 33 common frames omitted
Caused by: org.flywaydb.core.api.FlywayException: /home/alunos/IdeaProjects/escola-2026/target/classes/db/migration/V01__criando_tabelas_de_perfil_user: 1: Syntax error: "(" unexpected

	at org.flywaydb.core.internal.resolver.script.ScriptMigrationExecutor.runScript(ScriptMigrationExecutor.java:186) ~[flyway-core-11.7.2.jar:na]
	at org.flywaydb.core.internal.resolver.script.ScriptMigrationExecutor.executeOnce(ScriptMigrationExecutor.java:77) ~[flyway-core-11.7.2.jar:na]
	... 37 common frames omitted

2026-06-09T11:17:04.126-03:00  INFO 9510 --- [main] com.example.demo.DemoApplication         : Starting DemoApplication using Java 21.0.11 with PID 9510 (/home/alunos/IdeaProjects/escola-2026/target/classes started by alunos in /home/alunos/IdeaProjects/escola-2026)
2026-06-09T11:17:04.128-03:00  INFO 9510 --- [main] com.example.demo.DemoApplication         : The following 1 profile is active: "dev"
2026-06-09T11:17:04.948-03:00  INFO 9510 --- [main] o.apache.catalina.core.StandardService   : Starting service [Tomcat]
2026-06-09T11:17:04.948-03:00  INFO 9510 --- [main] o.apache.catalina.core.StandardEngine    : Starting Servlet engine: [Apache Tomcat/10.1.55]
2026-06-09T11:17:04.980-03:00  INFO 9510 --- [main] o.a.c.c.C.[Tomcat].[localhost].[/]       : Initializing Spring embedded WebApplicationContext
2026-06-09T11:17:05.152-03:00  INFO 9510 --- [main] com.zaxxer.hikari.HikariDataSource       : HikariPool-1 - Starting...
2026-06-09T11:17:05.271-03:00  INFO 9510 --- [main] com.zaxxer.hikari.pool.HikariPool        : HikariPool-1 - Added connection com.mysql.cj.jdbc.ConnectionImpl@696b52bc
2026-06-09T11:17:05.272-03:00  INFO 9510 --- [main] com.zaxxer.hikari.HikariDataSource       : HikariPool-1 - Start completed.
2026-06-09T11:17:05.304-03:00  INFO 9510 --- [main] org.flywaydb.core.FlywayExecutor         : Database: jdbc:mysql://localhost:3306/products?createDatabaseIfNotExist=true&allowPublicKeyRetrieval=true&useSSL=false&serverTimezone=UTC (MySQL 8.0)
2026-06-09T11:17:05.413-03:00  WARN 9510 --- [main] ConfigServletWebServerApplicationContext : Exception encountered during context initialization - cancelling refresh attempt: org.springframework.beans.factory.BeanCreationException: Error creating bean with name 'entityManagerFactory' defined in class path resource [org/springframework/boot/autoconfigure/orm/jpa/HibernateJpaConfiguration.class]: Failed to initialize dependency 'flywayInitializer' of LoadTimeWeaverAware bean 'entityManagerFactory': Error creating bean with name 'flywayInitializer' defined in class path resource [org/springframework/boot/autoconfigure/flyway/FlywayAutoConfiguration$FlywayConfiguration.class]: Validate failed: Migrations have failed validation
Migration checksum mismatch for migration version 1
-> Applied to database : 1125879450
-> Resolved locally    : 1985876190
Either revert the changes to the migration, or run repair to update the schema history.
Need more flexibility with validation rules? Learn more: https://rd.gt/3AbJUZE
2026-06-09T11:17:05.413-03:00  INFO 9510 --- [main] com.zaxxer.hikari.HikariDataSource       : HikariPool-1 - Shutdown initiated...
2026-06-09T11:17:05.442-03:00  INFO 9510 --- [main] com.zaxxer.hikari.HikariDataSource       : HikariPool-1 - Shutdown completed.
2026-06-09T11:17:05.444-03:00  INFO 9510 --- [main] o.apache.catalina.core.StandardService   : Stopping service [Tomcat]
2026-06-09T11:17:05.461-03:00 ERROR 9510 --- [main] o.s.boot.SpringApplication               : Application run failed

org.springframework.beans.factory.BeanCreationException: Error creating bean with name 'entityManagerFactory' defined in class path resource [org/springframework/boot/autoconfigure/orm/jpa/HibernateJpaConfiguration.class]: Failed to initialize dependency 'flywayInitializer' of LoadTimeWeaverAware bean 'entityManagerFactory': Error creating bean with name 'flywayInitializer' defined in class path resource [org/springframework/boot/autoconfigure/flyway/FlywayAutoConfiguration$FlywayConfiguration.class]: Validate failed: Migrations have failed validation
Migration checksum mismatch for migration version 1
-> Applied to database : 1125879450
-> Resolved locally    : 1985876190
Either revert the changes to the migration, or run repair to update the schema history.
Need more flexibility with validation rules? Learn more: https://rd.gt/3AbJUZE
	at org.springframework.beans.factory.support.AbstractBeanFactory.doGetBean(AbstractBeanFactory.java:328) ~[spring-beans-6.2.19-20260608.163209-32.jar:6.2.19-SNAPSHOT]
	at org.springframework.beans.factory.support.AbstractBeanFactory.getBean(AbstractBeanFactory.java:207) ~[spring-beans-6.2.19-20260608.163209-32.jar:6.2.19-SNAPSHOT]
	at org.springframework.context.support.AbstractApplicationContext.finishBeanFactoryInitialization(AbstractApplicationContext.java:974) ~[spring-context-6.2.19-20260608.163209-32.jar:6.2.19-SNAPSHOT]
	at org.springframework.context.support.AbstractApplicationContext.refresh(AbstractApplicationContext.java:628) ~[spring-context-6.2.19-20260608.163209-32.jar:6.2.19-SNAPSHOT]
	at org.springframework.boot.web.servlet.context.ServletWebServerApplicationContext.refresh(ServletWebServerApplicationContext.java:146) ~[spring-boot-3.5.15-20260609.080258-47.jar:3.5.15-SNAPSHOT]
	at org.springframework.boot.SpringApplication.refresh(SpringApplication.java:752) ~[spring-boot-3.5.15-20260609.080258-47.jar:3.5.15-SNAPSHOT]
	at org.springframework.boot.SpringApplication.refreshContext(SpringApplication.java:439) ~[spring-boot-3.5.15-20260609.080258-47.jar:3.5.15-SNAPSHOT]
	at org.springframework.boot.SpringApplication.run(SpringApplication.java:318) ~[spring-boot-3.5.15-20260609.080258-47.jar:3.5.15-SNAPSHOT]
	at org.springframework.boot.SpringApplication.run(SpringApplication.java:1361) ~[spring-boot-3.5.15-20260609.080258-47.jar:3.5.15-SNAPSHOT]
	at org.springframework.boot.SpringApplication.run(SpringApplication.java:1350) ~[spring-boot-3.5.15-20260609.080258-47.jar:3.5.15-SNAPSHOT]
	at com.example.demo.DemoApplication.main(DemoApplication.java:10) ~[classes/:na]
Caused by: org.springframework.beans.factory.BeanCreationException: Error creating bean with name 'flywayInitializer' defined in class path resource [org/springframework/boot/autoconfigure/flyway/FlywayAutoConfiguration$FlywayConfiguration.class]: Validate failed: Migrations have failed validation
Migration checksum mismatch for migration version 1
-> Applied to database : 1125879450
-> Resolved locally    : 1985876190
Either revert the changes to the migration, or run repair to update the schema history.
Need more flexibility with validation rules? Learn more: https://rd.gt/3AbJUZE
	at org.springframework.beans.factory.support.AbstractAutowireCapableBeanFactory.initializeBean(AbstractAutowireCapableBeanFactory.java:1824) ~[spring-beans-6.2.19-20260608.163209-32.jar:6.2.19-SNAPSHOT]
	at org.springframework.beans.factory.support.AbstractAutowireCapableBeanFactory.doCreateBean(AbstractAutowireCapableBeanFactory.java:607) ~[spring-beans-6.2.19-20260608.163209-32.jar:6.2.19-SNAPSHOT]
	at org.springframework.beans.factory.support.AbstractAutowireCapableBeanFactory.createBean(AbstractAutowireCapableBeanFactory.java:529) ~[spring-beans-6.2.19-20260608.163209-32.jar:6.2.19-SNAPSHOT]
	at org.springframework.beans.factory.support.AbstractBeanFactory.lambda$doGetBean$0(AbstractBeanFactory.java:339) ~[spring-beans-6.2.19-20260608.163209-32.jar:6.2.19-SNAPSHOT]
	at org.springframework.beans.factory.support.DefaultSingletonBeanRegistry.getSingleton(DefaultSingletonBeanRegistry.java:373) ~[spring-beans-6.2.19-20260608.163209-32.jar:6.2.19-SNAPSHOT]
	at org.springframework.beans.factory.support.AbstractBeanFactory.doGetBean(AbstractBeanFactory.java:337) ~[spring-beans-6.2.19-20260608.163209-32.jar:6.2.19-SNAPSHOT]
	at org.springframework.beans.factory.support.AbstractBeanFactory.getBean(AbstractBeanFactory.java:202) ~[spring-beans-6.2.19-20260608.163209-32.jar:6.2.19-SNAPSHOT]
	at org.springframework.beans.factory.support.AbstractBeanFactory.doGetBean(AbstractBeanFactory.java:315) ~[spring-beans-6.2.19-20260608.163209-32.jar:6.2.19-SNAPSHOT]
	... 10 common frames omitted
Caused by: org.flywaydb.core.api.exception.FlywayValidateException: Validate failed: Migrations have failed validation
Migration checksum mismatch for migration version 1
-> Applied to database : 1125879450
-> Resolved locally    : 1985876190
Either revert the changes to the migration, or run repair to update the schema history.
Need more flexibility with validation rules? Learn more: https://rd.gt/3AbJUZE
	at org.flywaydb.core.Flyway.lambda$migrate$1(Flyway.java:201) ~[flyway-core-11.7.2.jar:na]
	at org.flywaydb.core.FlywayExecutor.execute(FlywayExecutor.java:210) ~[flyway-core-11.7.2.jar:na]
	at org.flywaydb.core.Flyway.migrate(Flyway.java:188) ~[flyway-core-11.7.2.jar:na]
	at org.springframework.boot.autoconfigure.flyway.FlywayMigrationInitializer.afterPropertiesSet(FlywayMigrationInitializer.java:66) ~[spring-boot-autoconfigure-3.5.15-20260609.080258-47.jar:3.5.15-SNAPSHOT]
	at org.springframework.beans.factory.support.AbstractAutowireCapableBeanFactory.invokeInitMethods(AbstractAutowireCapableBeanFactory.java:1871) ~[spring-beans-6.2.19-20260608.163209-32.jar:6.2.19-SNAPSHOT]
	at org.springframework.beans.factory.support.AbstractAutowireCapableBeanFactory.initializeBean(AbstractAutowireCapableBeanFactory.java:1820) ~[spring-beans-6.2.19-20260608.163209-32.jar:6.2.19-SNAPSHOT]
	... 17 common frames omitted

